<?xml version="1.0" encoding="UTF-8"?>
<!-- Generated by org.testng.reporters.JUnitXMLReporter -->
<testsuite ignored="0" hostname="DESKTOP-Q9V7GDP" failures="0" tests="5" name="Default test" time="2.377" errors="0" timestamp="2022-05-17T11:00:56 EDT">
  <testcase classname="testCases.TC_VideoGameApi" name="test_getAllVideoGames" time="1.457"/>
  <testcase classname="testCases.TC_VideoGameApi" name="test_AddNewVideoGame" time="0.303"/>
  <testcase classname="testCases.TC_VideoGameApi" name="get_VideoGame" time="0.503"/>
  <testcase classname="testCases.TC_VideoGameApi" name="test_UpdateVideoGame" time="0.044"/>
  <testcase classname="testCases.TC_VideoGameApi" name="deleteGame" time="0.022"/>
</testsuite> <!-- Default test -->
