<?xml version="1.0" encoding="UTF-8"?>
<!-- Generated by org.testng.reporters.JUnitXMLReporter -->
<testsuite ignored="0" hostname="DESKTOP-Q9V7GDP" failures="0" tests="5" name="Test" time="2.405" errors="0" timestamp="2022-05-17T11:25:05 EDT">
  <testcase classname="testCases.TC_VideoGameApi" name="test_getAllVideoGames" time="1.497"/>
  <testcase classname="testCases.TC_VideoGameApi" name="test_AddNewVideoGame" time="0.27"/>
  <testcase classname="testCases.TC_VideoGameApi" name="get_VideoGame" time="0.515"/>
  <testcase classname="testCases.TC_VideoGameApi" name="test_UpdateVideoGame" time="0.045"/>
  <testcase classname="testCases.TC_VideoGameApi" name="deleteGame" time="0.02"/>
</testsuite> <!-- Test -->
