<?xml version="1.0" encoding="UTF-8"?>
<!-- Generated by org.testng.reporters.JUnitXMLReporter -->
<testsuite ignored="0" hostname="DESKTOP-Q9V7GDP" failures="0" tests="5" name="Test" time="5.251" errors="0" timestamp="2022-05-17T11:46:22 EDT">
  <testcase classname="testCases.TC_VideoGameApi" name="test_getAllVideoGames" time="1.416"/>
  <testcase classname="testCases.TC_VideoGameApi" name="test_AddNewVideoGame" time="0.249"/>
  <testcase classname="testCases.TC_VideoGameApi" name="get_VideoGame" time="0.486"/>
  <testcase classname="testCases.TC_VideoGameApi" name="test_UpdateVideoGame" time="0.042"/>
  <testcase classname="testCases.TC_VideoGameApi" name="deleteGame" time="3.02"/>
</testsuite> <!-- Test -->
