<?xml version="1.0" encoding="UTF-8"?>
<testsuite xmlns:xsi="http://www.w3.org/2001/XMLSchema-instance" xsi:noNamespaceSchemaLocation="https://maven.apache.org/surefire/maven-surefire-plugin/xsd/surefire-test-report-3.0.xsd" version="3.0" name="TestSuite" time="5.82" tests="5" errors="0" skipped="0" failures="0">
  <properties>
[...]
</properties>
  <testcase name="test_getAllVideoGames" classname="testCases.TC_VideoGameApi" time="1.423">
    <system-out><![CDATA[Request method:	GET
Request URI:	http://localhost:8080/app/videogames
Proxy:			<none>
Request params:	<none>
Query params:	<none>
Form params:	<none>
Path params:	<none>
Headers:		Accept=*/*
				Content-Type=application/json; charset=UTF-8
Cookies:		<none>
Multiparts:		<none>
Body:			<none>
HTTP/1.1 200 
Content-Type: application/xml
Content-Length: 1862
Date: Tue, 17 May 2022 15:46:18 GMT

<videoGames>
  <videoGame category="Shooter" rating="Universal">
    <id>1</id>
    <name>Resident Evil 4</name>
    <releaseDate>2005-10-01T00:00:00-04:00</releaseDate>
    <reviewScore>85</reviewScore>
  </videoGame>
  <videoGame category="Driving" rating="Universal">
    <id>2</id>
    <name>Gran Turismo 3</name>
    <releaseDate>2001-03-10T00:00:00-05:00</releaseDate>
    <reviewScore>91</reviewScore>
  </videoGame>
  <videoGame category="Puzzle" rating="Universal">
    <id>3</id>
    <name>Tetris</name>
    <releaseDate>1984-06-25T00:00:00-04:00</releaseDate>
    <reviewScore>88</reviewScore>
  </videoGame>
  <videoGame category="Platform" rating="Universal">
    <id>4</id>
    <name>Super Mario 64</name>
    <releaseDate>1996-10-20T00:00:00-04:00</releaseDate>
    <reviewScore>90</reviewScore>
  </videoGame>
  <videoGame category="Adventure" rating="PG-13">
    <id>5</id>
    <name>The Legend of Zelda: Ocarina of Time</name>
    <releaseDate>1998-12-10T00:00:00-05:00</releaseDate>
    <reviewScore>93</reviewScore>
  </videoGame>
  <videoGame category="Shooter" rating="Mature">
    <id>6</id>
    <name>Doom</name>
    <releaseDate>1993-02-18T00:00:00-05:00</releaseDate>
    <reviewScore>81</reviewScore>
  </videoGame>
  <videoGame category="Puzzle" rating="Universal">
    <id>7</id>
    <name>Minecraft</name>
    <releaseDate>2011-12-05T00:00:00-05:00</releaseDate>
    <reviewScore>77</reviewScore>
  </videoGame>
  <videoGame category="Strategy" rating="Universal">
    <id>8</id>
    <name>SimCity 2000</name>
    <releaseDate>1994-09-11T00:00:00-04:00</releaseDate>
    <reviewScore>88</reviewScore>
  </videoGame>
  <videoGame category="RPG" rating="PG-13">
    <id>9</id>
    <name>Final Fantasy VII</name>
    <releaseDate>1997-08-20T00:00:00-04:00</releaseDate>
    <reviewScore>97</reviewScore>
  </videoGame>
  <videoGame category="Driving" rating="Mature">
    <id>10</id>
    <name>Grand Theft Auto III</name>
    <releaseDate>2001-04-23T00:00:00-04:00</releaseDate>
    <reviewScore>90</reviewScore>
  </videoGame>
</videoGames>
]]></system-out>
    <system-err><![CDATA[SLF4J: No SLF4J providers were found.
SLF4J: Defaulting to no-operation (NOP) logger implementation
SLF4J: See http://www.slf4j.org/codes.html#noProviders for further details.
]]></system-err>
  </testcase>
  <testcase name="test_AddNewVideoGame" classname="testCases.TC_VideoGameApi" time="0.264">
    <system-out><![CDATA[{"status": "Record Added Successfully"}
]]></system-out>
    <system-err><![CDATA[[Fatal Error] :1:1: Content is not allowed in prolog.
]]></system-err>
  </testcase>
  <testcase name="get_VideoGame" classname="testCases.TC_VideoGameApi" time="0.474"/>
  <testcase name="test_UpdateVideoGame" classname="testCases.TC_VideoGameApi" time="0.042">
    <system-out><![CDATA[<videoGame category="Adventure" rating="Universal">
  <id>105</id>
  <name>Super Spider-Man</name>
  <releaseDate>2019-09-20T00:00:00-04:00</releaseDate>
  <reviewScore>4</reviewScore>
</videoGame>
]]></system-out>
  </testcase>
  <testcase name="deleteGame" classname="testCases.TC_VideoGameApi" time="3.016">
    <system-out><![CDATA[{"status": "Record Deleted Successfully"}
]]></system-out>
    <system-err><![CDATA[[Fatal Error] :1:1: Content is not allowed in prolog.
]]></system-err>
  </testcase>
</testsuite>