<?xml version="1.0" encoding="UTF-8"?>
<testng-results ignored="0" total="5" passed="5" failed="0" skipped="0">
  <reporter-output>
  </reporter-output>
  <suite started-at="2022-05-17T11:46:17 EDT" name="Suite" finished-at="2022-05-17T11:46:22 EDT" duration-ms="5251">
    <groups>
    </groups>
    <test started-at="2022-05-17T11:46:17 EDT" name="Test" finished-at="2022-05-17T11:46:22 EDT" duration-ms="5251">
      <class name="testCases.TC_VideoGameApi">
        <test-method signature="test_getAllVideoGames()[pri:1, instance:testCases.TC_VideoGameApi@272ed83b]" started-at="2022-05-17T11:46:17 EDT" name="test_getAllVideoGames" finished-at="2022-05-17T11:46:18 EDT" duration-ms="1416" status="PASS">
          <reporter-output>
          </reporter-output>
        </test-method> <!-- test_getAllVideoGames -->
        <test-method signature="test_AddNewVideoGame()[pri:2, instance:testCases.TC_VideoGameApi@272ed83b]" started-at="2022-05-17T11:46:18 EDT" name="test_AddNewVideoGame" finished-at="2022-05-17T11:46:19 EDT" duration-ms="249" status="PASS">
          <reporter-output>
          </reporter-output>
        </test-method> <!-- test_AddNewVideoGame -->
        <test-method signature="get_VideoGame()[pri:3, instance:testCases.TC_VideoGameApi@272ed83b]" started-at="2022-05-17T11:46:19 EDT" name="get_VideoGame" finished-at="2022-05-17T11:46:19 EDT" duration-ms="486" status="PASS">
          <reporter-output>
          </reporter-output>
        </test-method> <!-- get_VideoGame -->
        <test-method signature="test_UpdateVideoGame()[pri:4, instance:testCases.TC_VideoGameApi@272ed83b]" started-at="2022-05-17T11:46:19 EDT" name="test_UpdateVideoGame" finished-at="2022-05-17T11:46:19 EDT" duration-ms="42" status="PASS">
          <reporter-output>
          </reporter-output>
        </test-method> <!-- test_UpdateVideoGame -->
        <test-method signature="deleteGame()[pri:5, instance:testCases.TC_VideoGameApi@272ed83b]" started-at="2022-05-17T11:46:19 EDT" name="deleteGame" finished-at="2022-05-17T11:46:22 EDT" duration-ms="3020" status="PASS">
          <reporter-output>
          </reporter-output>
        </test-method> <!-- deleteGame -->
      </class> <!-- testCases.TC_VideoGameApi -->
    </test> <!-- Test -->
  </suite> <!-- Suite -->
</testng-results>
